This file contains any messages produced by compilers while
running configure, to aid debugging if configure makes a mistake.

It was created by preview-latex configure 11.84, which was
generated by GNU Autoconf 2.69.  Invocation command line was

  $ ./configure --disable-option-checking --prefix=/usr/local --cache-file=/dev/null --srcdir=.

## --------- ##
## Platform. ##
## --------- ##

hostname = Feis-MacBook-Pro.local
uname -m = x86_64
uname -r = 12.2.0
uname -s = Darwin
uname -v = Darwin Kernel Version 12.2.0: Sat Aug 25 00:48:52 PDT 2012; root:xnu-2050.18.24~1/RELEASE_X86_64

/usr/bin/uname -p = i386
/bin/uname -X     = unknown

/bin/arch              = unknown
/usr/bin/arch -k       = unknown
/usr/convex/getsysinfo = unknown
/usr/bin/hostinfo      = Mach kernel version:
	 Darwin Kernel Version 12.2.0: Sat Aug 25 00:48:52 PDT 2012; root:xnu-2050.18.24~1/RELEASE_X86_64
Kernel configured for up to 4 processors.
2 processors are physically available.
4 processors are logically available.
Processor type: i486 (Intel 80486)
Processors active: 0 1 2 3
Primary memory available: 16.00 gigabytes
Default processor set: 117 tasks, 591 threads, 4 processors
Load average: 1.87, Mach factor: 2.29
/bin/machine           = unknown
/usr/bin/oslevel       = unknown
/bin/universe          = unknown

PATH: /usr/local/share/python
PATH: /usr/local/bin
PATH: /usr/bin
PATH: /bin
PATH: /usr/sbin
PATH: /sbin
PATH: /opt/X11/bin
PATH: /usr/texbin


## ----------- ##
## Core tests. ##
## ----------- ##

configure:1744: checking whether make sets $(MAKE)
configure:1766: result: yes
configure:1818: checking for a BSD-compatible install
configure:1886: result: /usr/bin/install -c
configure:1949: checking for /usr/bin/emacs
configure:1979: result: /usr/bin/emacs
configure:1995: checking if /usr/bin/emacs is XEmacs
/usr/bin/emacs -batch -no-site-file -eval (let* ((x (if (featurep (quote xemacs)) "yes" "no"))) (write-region (if (stringp x) x (prin1-to-string x)) nil "./conftest-31541"))
Wrote /Users/Ofey/.emacs.d/elisp/AUCTeX/preview/conftest-31541
=> no
configure:2015: result: no
configure:2019: checking for Emacs prefix
/usr/bin/emacs -batch -no-site-file -eval (let* ((cmd(pop command-line-args-left))(x (condition-case nil (let*
    ((prefix (directory-file-name (file-name-directory (executable-find cmd))))
     (parent (directory-file-name (file-name-directory prefix))))
    (if (string= (file-name-nondirectory prefix) "bin")
        (setq prefix parent)
      (if (string= (file-name-nondirectory parent) "bin")
         (setq prefix (directory-file-name (file-name-directory parent)))))
    prefix) (error NONE)))) (write-region (if (stringp x) x (prin1-to-string x)) nil "./conftest-31541")) /usr/bin/emacs
Wrote /Users/Ofey/.emacs.d/elisp/AUCTeX/preview/conftest-31541
=> /usr
configure:2038: result: "/usr"
configure:2068: checking if Emacs is recent enough
/usr/bin/emacs -batch -no-site-file -eval (let* ((x (cond ((< emacs-major-version 21) "no")
			 ((> emacs-major-version 21) "yes")
			 ((< emacs-minor-version 01) "no")
			 (t "yes")))) (write-region (if (stringp x) x (prin1-to-string x)) nil "./conftest-31541"))
Wrote /Users/Ofey/.emacs.d/elisp/AUCTeX/preview/conftest-31541
=> yes
configure:2082: result: yes
configure:2120: checking if build directory is valid
/usr/bin/emacs -batch -eval (let* ((x (if (or (member (directory-file-name default-directory) load-path)	      (member (file-name-as-directory default-directory) load-path))	 "no" "yes"))) (write-region (if (stringp x) x (prin1-to-string x)) nil "./conftest-31541"))
Wrote /Users/Ofey/.emacs.d/elisp/AUCTeX/preview/conftest-31541
=> yes
configure:2136: result: yes
configure:2226: checking where lisp files go
/usr/bin/emacs -batch -eval (let* ((prefix(pop command-line-args-left)) (expanded(pop command-line-args-left)) (x (catch 22
       (let (reldir (dirs load-path))
	  (dolist (name (list "emacs/site-lisp" "emacs/site-packages"
	         "site-lisp" "site-packages") "NONE")
	    (dolist (dir dirs)
	      (when (and dir
	      	         (setq dir (directory-file-name dir))
                         (file-name-absolute-p dir)
	      	         (file-directory-p dir)
	                 (not (string-match "\`\.\."
                           (setq reldir (file-relative-name dir expanded))))
			 (not (file-name-absolute-p reldir))
                         (let ((name name) (dir dir))
		           (while (and dir name
		                       (string= (file-name-nondirectory dir)
		                                (file-name-nondirectory name))
                              (setq dir (file-name-directory dir)
				   name (file-name-directory name))
			      (if (and dir name)
			         (setq dir (directory-file-name dir)
			              name (directory-file-name name)))))
		            (null name))
		   (throw 22
                      (if (string= reldir ".") (directory-file-name prefix)
                        (concat (file-name-as-directory prefix)
                                reldir))))))))))) (write-region (if (stringp x) x (prin1-to-string x)) nil "./conftest-31541")) ${datadir}/emacs /usr/local/share/emacs
Wrote /Users/Ofey/.emacs.d/elisp/AUCTeX/preview/conftest-31541
=> NONE
/usr/bin/emacs -batch -eval (let* ((prefix(pop command-line-args-left)) (expanded(pop command-line-args-left)) (x (catch 22
       (let (reldir (dirs load-path))
	  (dolist (name (list "emacs/site-lisp" "emacs/site-packages"
	         "site-lisp" "site-packages") "NONE")
	    (dolist (dir dirs)
	      (when (and dir
	      	         (setq dir (directory-file-name dir))
                         (file-name-absolute-p dir)
	      	         (file-directory-p dir)
	                 (not (string-match "\`\.\."
                           (setq reldir (file-relative-name dir expanded))))
			 (not (file-name-absolute-p reldir))
                         (let ((name name) (dir dir))
		           (while (and dir name
		                       (string= (file-name-nondirectory dir)
		                                (file-name-nondirectory name))
                              (setq dir (file-name-directory dir)
				   name (file-name-directory name))
			      (if (and dir name)
			         (setq dir (directory-file-name dir)
			              name (directory-file-name name)))))
		            (null name))
		   (throw 22
                      (if (string= reldir ".") (directory-file-name prefix)
                        (concat (file-name-as-directory prefix)
                                reldir))))))))))) (write-region (if (stringp x) x (prin1-to-string x)) nil "./conftest-31541")) ${libdir}/emacs /usr/local/lib/emacs
Wrote /Users/Ofey/.emacs.d/elisp/AUCTeX/preview/conftest-31541
=> NONE
/usr/bin/emacs -batch -eval (let* ((prefix(pop command-line-args-left)) (expanded(pop command-line-args-left)) (x (catch 22
       (let (reldir (dirs load-path))
	  (dolist (name (list "emacs/site-lisp" "emacs/site-packages"
	         "site-lisp" "site-packages") "NONE")
	    (dolist (dir dirs)
	      (when (and dir
	      	         (setq dir (directory-file-name dir))
                         (file-name-absolute-p dir)
	      	         (file-directory-p dir)
	                 (not (string-match "\`\.\."
                           (setq reldir (file-relative-name dir expanded))))
			 (not (file-name-absolute-p reldir))
                         (let ((name name) (dir dir))
		           (while (and dir name
		                       (string= (file-name-nondirectory dir)
		                                (file-name-nondirectory name))
                              (setq dir (file-name-directory dir)
				   name (file-name-directory name))
			      (if (and dir name)
			         (setq dir (directory-file-name dir)
			              name (directory-file-name name)))))
		            (null name))
		   (throw 22
                      (if (string= reldir ".") (directory-file-name prefix)
                        (concat (file-name-as-directory prefix)
                                reldir))))))))))) (write-region (if (stringp x) x (prin1-to-string x)) nil "./conftest-31541")) /usr/share/emacs /usr/share/emacs
Wrote /Users/Ofey/.emacs.d/elisp/AUCTeX/preview/conftest-31541
=> /usr/share/emacs/site-lisp
configure:2298: result: /usr/share/emacs/site-lisp
configure:2302: checking what file to use for preview startup
configure:2329: result: /usr/share/emacs/site-lisp/preview-latex.el
configure:2343: checking where the package lisp files go
/usr/bin/emacs -batch -no-site-file -eval (let* ((path(pop command-line-args-left)) (lispdir(pop command-line-args-left)) (startup(pop command-line-args-left)) (target(pop command-line-args-left))(x (progn (setq path (directory-file-name path))
  (if (or target
          (not (string= (car load-path) (directory-file-name (car load-path)))))
    (setq path (file-name-as-directory path)))
  (setq path (expand-file-name path lispdir))
  (setq startupdir (file-name-directory (expand-file-name startup lispdir)))
  (prin1-to-string
    (if (or (string-match "\`\.\."
              (setq relname (file-relative-name startupdir lispdir)))
            (file-name-absolute-p relname)
	    (string-match "\`\.\."
              (setq relname (file-relative-name path lispdir)))
 	    (file-name-absolute-p relname))
	  (concat path target)
	(cond (target
	       `(expand-file-name
                   ,(file-relative-name (concat path target) startupdir)
	           (file-name-directory load-file-name)))
              ((string= path startupdir)
	         '(file-name-directory load-file-name))
	      ((string= path (directory-file-name startupdir))
                 '(directory-file-name (file-name-directory load-file-name)))
              (t
	       `(expand-file-name
                   ,(file-relative-name path startupdir)
	           (file-name-directory load-file-name))))))))) (write-region (if (stringp x) x (prin1-to-string x)) nil "./conftest-31541")) /usr/share/emacs/site-lisp/auctex /usr/share/emacs/site-lisp /usr/share/emacs/site-lisp/preview-latex.el
Wrote /Users/Ofey/.emacs.d/elisp/AUCTeX/preview/conftest-31541
=> (expand-file-name "auctex" (file-name-directory load-file-name))
configure:2424: result: /usr/share/emacs/site-lisp/auctex
configure:2427: checking where the data files go
/usr/bin/emacs -batch -no-site-file -eval (let* ((path(pop command-line-args-left)) (lispdir(pop command-line-args-left)) (startup(pop command-line-args-left)) (target(pop command-line-args-left))(x (progn (setq path (directory-file-name path))
  (if (or target
          (not (string= (car load-path) (directory-file-name (car load-path)))))
    (setq path (file-name-as-directory path)))
  (setq path (expand-file-name path lispdir))
  (setq startupdir (file-name-directory (expand-file-name startup lispdir)))
  (prin1-to-string
    (if (or (string-match "\`\.\."
              (setq relname (file-relative-name startupdir lispdir)))
            (file-name-absolute-p relname)
	    (string-match "\`\.\."
              (setq relname (file-relative-name path lispdir)))
 	    (file-name-absolute-p relname))
	  (concat path target)
	(cond (target
	       `(expand-file-name
                   ,(file-relative-name (concat path target) startupdir)
	           (file-name-directory load-file-name)))
              ((string= path startupdir)
	         '(file-name-directory load-file-name))
	      ((string= path (directory-file-name startupdir))
                 '(directory-file-name (file-name-directory load-file-name)))
              (t
	       `(expand-file-name
                   ,(file-relative-name path startupdir)
	           (file-name-directory load-file-name))))))))) (write-region (if (stringp x) x (prin1-to-string x)) nil "./conftest-31541")) /usr/share/emacs/site-lisp/auctex /usr/share/emacs/site-lisp /usr/share/emacs/site-lisp/preview-latex.el
Wrote /Users/Ofey/.emacs.d/elisp/AUCTeX/preview/conftest-31541
=> (expand-file-name "auctex" (file-name-directory load-file-name))
configure:2508: result: /usr/share/emacs/site-lisp/auctex
configure:2515: checking for the location of AUCTeX's tex-site.el
configure:2564: result: ..
configure:2575: checking for gs
configure:2591: found /usr/local/bin/gs
configure:2602: result: gs
/usr/bin/emacs -batch -no-site-file -eval (let* ((dir(pop command-line-args-left))(x (if (member dir (list "NONE" (if (eq system-type 'windows-nt) "GSWIN32C.EXE" "gs"))) "" `(defvar preview-gs-command ,dir)))) (write-region (if (stringp x) x (prin1-to-string x)) nil "./conftest-31541")) gs
Wrote /Users/Ofey/.emacs.d/elisp/AUCTeX/preview/conftest-31541
=> 
configure:2630: checking for latex
configure:2648: found /usr/texbin/latex
configure:2661: result: /usr/texbin/latex
configure:2677: checking for pdflatex
configure:2695: found /usr/texbin/pdflatex
configure:2707: result: /usr/texbin/pdflatex
configure:2726: checking for tex
configure:2757: result: /usr/texbin/tex
configure:2861: checking for prefix from kpsepath
/usr/bin/emacs -batch -no-site-file -eval (let* ((cmd(pop command-line-args-left))(x (condition-case nil (let*
    ((prefix (directory-file-name (file-name-directory (executable-find cmd))))
     (parent (directory-file-name (file-name-directory prefix))))
    (if (string= (file-name-nondirectory prefix) "bin")
        (setq prefix parent)
      (if (string= (file-name-nondirectory parent) "bin")
         (setq prefix (directory-file-name (file-name-directory parent)))))
    prefix) (error NONE)))) (write-region (if (stringp x) x (prin1-to-string x)) nil "./conftest-31541")) kpsepath
Wrote /Users/Ofey/.emacs.d/elisp/AUCTeX/preview/conftest-31541
=> /usr/texbin
configure:2885: result: "/usr/texbin"
configure:2888: checking for TDS-compliant directory
/usr/bin/emacs -batch -no-site-file -eval (let* ((prefix(pop command-line-args-left)) (expanded(pop command-line-args-left)) (pathoutput(pop command-line-args-left))(x (catch 22
       (let (reldir (dirs (mapcar (lambda(x)
              (and (string-match "\`!*\(.*\)/tex/latex//+\'" x)
	           (match-string 1 x)))
      (append (split-string pathoutput ";")
             (split-string pathoutput ":")))))
	  (dolist (name (list nil) "NONE")
	    (dolist (dir dirs)
	      (when (and dir
	      	         (setq dir (directory-file-name dir))
                         (file-name-absolute-p dir)
	      	         (file-directory-p dir)
	                 (not (string-match "\`\.\."
                           (setq reldir (file-relative-name dir expanded))))
			 (not (file-name-absolute-p reldir))
                         (let ((name name) (dir dir))
		           (while (and dir name
		                       (string= (file-name-nondirectory dir)
		                                (file-name-nondirectory name))
                              (setq dir (file-name-directory dir)
				   name (file-name-directory name))
			      (if (and dir name)
			         (setq dir (directory-file-name dir)
			              name (directory-file-name name)))))
		            (null name))
		   (throw 22
                      (if (string= reldir ".") (directory-file-name prefix)
                        (concat (file-name-as-directory prefix)
                                reldir))))))))))) (write-region (if (stringp x) x (prin1-to-string x)) nil "./conftest-31541")) ${datadir}/texmf /usr/local/share/texmf .:/Users/Ofey/Library/texlive/2012/texmf-config/tex/latex//:/Users/Ofey/Library/texlive/2012/texmf-var/tex/latex//:/Users/Ofey/Library/texmf/tex/latex//:!!/usr/local/texlive/2012/texmf-config/tex/latex//:!!/usr/local/texlive/2012/texmf-var/tex/latex//:!!/usr/local/texlive/2012/texmf/tex/latex//:!!/usr/local/texlive/2012/../texmf-local/tex/latex//:!!/usr/local/texlive/2012/texmf-dist/tex/latex//:/Users/Ofey/Library/texlive/2012/texmf-config/tex/generic//:/Users/Ofey/Library/texlive/2012/texmf-var/tex/generic//:/Users/Ofey/Library/texmf/tex/generic//:!!/usr/local/texlive/2012/texmf-config/tex/generic//:!!/usr/local/texlive/2012/texmf-var/tex/generic//:!!/usr/local/texlive/2012/texmf/tex/generic//:!!/usr/local/texlive/2012/../texmf-local/tex/generic//:!!/usr/local/texlive/2012/texmf-dist/tex/generic//:/Users/Ofey/Library/texlive/2012/texmf-config/tex///:/Users/Ofey/Library/texlive/2012/texmf-var/tex///:/Users/Ofey/Library/texmf/tex///:!!/usr/local/texlive/2012/texmf-config/tex///:!!/usr/local/texlive/2012/texmf-var/tex///:!!/usr/local/texlive/2012/texmf/tex///:!!/usr/local/texlive/2012/../texmf-local/tex///:!!/usr/local/texlive/2012/texmf-dist/tex///
Wrote /Users/Ofey/.emacs.d/elisp/AUCTeX/preview/conftest-31541
=> NONE
/usr/bin/emacs -batch -no-site-file -eval (let* ((prefix(pop command-line-args-left)) (expanded(pop command-line-args-left)) (pathoutput(pop command-line-args-left))(x (catch 22
       (let (reldir (dirs (mapcar (lambda(x)
              (and (string-match "\`!*\(.*\)/tex/latex//+\'" x)
	           (match-string 1 x)))
      (append (split-string pathoutput ";")
             (split-string pathoutput ":")))))
	  (dolist (name (list nil) "NONE")
	    (dolist (dir dirs)
	      (when (and dir
	      	         (setq dir (directory-file-name dir))
                         (file-name-absolute-p dir)
	      	         (file-directory-p dir)
	                 (not (string-match "\`\.\."
                           (setq reldir (file-relative-name dir expanded))))
			 (not (file-name-absolute-p reldir))
                         (let ((name name) (dir dir))
		           (while (and dir name
		                       (string= (file-name-nondirectory dir)
		                                (file-name-nondirectory name))
                              (setq dir (file-name-directory dir)
				   name (file-name-directory name))
			      (if (and dir name)
			         (setq dir (directory-file-name dir)
			              name (directory-file-name name)))))
		            (null name))
		   (throw 22
                      (if (string= reldir ".") (directory-file-name prefix)
                        (concat (file-name-as-directory prefix)
                                reldir))))))))))) (write-region (if (stringp x) x (prin1-to-string x)) nil "./conftest-31541")) /usr/texbin/share/texmf-local /usr/texbin/share/texmf-local .:/Users/Ofey/Library/texlive/2012/texmf-config/tex/latex//:/Users/Ofey/Library/texlive/2012/texmf-var/tex/latex//:/Users/Ofey/Library/texmf/tex/latex//:!!/usr/local/texlive/2012/texmf-config/tex/latex//:!!/usr/local/texlive/2012/texmf-var/tex/latex//:!!/usr/local/texlive/2012/texmf/tex/latex//:!!/usr/local/texlive/2012/../texmf-local/tex/latex//:!!/usr/local/texlive/2012/texmf-dist/tex/latex//:/Users/Ofey/Library/texlive/2012/texmf-config/tex/generic//:/Users/Ofey/Library/texlive/2012/texmf-var/tex/generic//:/Users/Ofey/Library/texmf/tex/generic//:!!/usr/local/texlive/2012/texmf-config/tex/generic//:!!/usr/local/texlive/2012/texmf-var/tex/generic//:!!/usr/local/texlive/2012/texmf/tex/generic//:!!/usr/local/texlive/2012/../texmf-local/tex/generic//:!!/usr/local/texlive/2012/texmf-dist/tex/generic//:/Users/Ofey/Library/texlive/2012/texmf-config/tex///:/Users/Ofey/Library/texlive/2012/texmf-var/tex///:/Users/Ofey/Library/texmf/tex///:!!/usr/local/texlive/2012/texmf-config/tex///:!!/usr/local/texlive/2012/texmf-var/tex///:!!/usr/local/texlive/2012/texmf/tex///:!!/usr/local/texlive/2012/../texmf-local/tex///:!!/usr/local/texlive/2012/texmf-dist/tex///
Wrote /Users/Ofey/.emacs.d/elisp/AUCTeX/preview/conftest-31541
=> NONE
/usr/bin/emacs -batch -no-site-file -eval (let* ((prefix(pop command-line-args-left)) (expanded(pop command-line-args-left)) (pathoutput(pop command-line-args-left))(x (catch 22
       (let (reldir (dirs (mapcar (lambda(x)
              (and (string-match "\`!*\(.*\)/tex/latex//+\'" x)
	           (match-string 1 x)))
      (append (split-string pathoutput ";")
             (split-string pathoutput ":")))))
	  (dolist (name (list nil) "NONE")
	    (dolist (dir dirs)
	      (when (and dir
	      	         (setq dir (directory-file-name dir))
                         (file-name-absolute-p dir)
	      	         (file-directory-p dir)
	                 (not (string-match "\`\.\."
                           (setq reldir (file-relative-name dir expanded))))
			 (not (file-name-absolute-p reldir))
                         (let ((name name) (dir dir))
		           (while (and dir name
		                       (string= (file-name-nondirectory dir)
		                                (file-name-nondirectory name))
                              (setq dir (file-name-directory dir)
				   name (file-name-directory name))
			      (if (and dir name)
			         (setq dir (directory-file-name dir)
			              name (directory-file-name name)))))
		            (null name))
		   (throw 22
                      (if (string= reldir ".") (directory-file-name prefix)
                        (concat (file-name-as-directory prefix)
                                reldir))))))))))) (write-region (if (stringp x) x (prin1-to-string x)) nil "./conftest-31541")) /usr/texbin/share/texmf /usr/texbin/share/texmf .:/Users/Ofey/Library/texlive/2012/texmf-config/tex/latex//:/Users/Ofey/Library/texlive/2012/texmf-var/tex/latex//:/Users/Ofey/Library/texmf/tex/latex//:!!/usr/local/texlive/2012/texmf-config/tex/latex//:!!/usr/local/texlive/2012/texmf-var/tex/latex//:!!/usr/local/texlive/2012/texmf/tex/latex//:!!/usr/local/texlive/2012/../texmf-local/tex/latex//:!!/usr/local/texlive/2012/texmf-dist/tex/latex//:/Users/Ofey/Library/texlive/2012/texmf-config/tex/generic//:/Users/Ofey/Library/texlive/2012/texmf-var/tex/generic//:/Users/Ofey/Library/texmf/tex/generic//:!!/usr/local/texlive/2012/texmf-config/tex/generic//:!!/usr/local/texlive/2012/texmf-var/tex/generic//:!!/usr/local/texlive/2012/texmf/tex/generic//:!!/usr/local/texlive/2012/../texmf-local/tex/generic//:!!/usr/local/texlive/2012/texmf-dist/tex/generic//:/Users/Ofey/Library/texlive/2012/texmf-config/tex///:/Users/Ofey/Library/texlive/2012/texmf-var/tex///:/Users/Ofey/Library/texmf/tex///:!!/usr/local/texlive/2012/texmf-config/tex///:!!/usr/local/texlive/2012/texmf-var/tex///:!!/usr/local/texlive/2012/texmf/tex///:!!/usr/local/texlive/2012/../texmf-local/tex///:!!/usr/local/texlive/2012/texmf-dist/tex///
Wrote /Users/Ofey/.emacs.d/elisp/AUCTeX/preview/conftest-31541
=> NONE
/usr/bin/emacs -batch -no-site-file -eval (let* ((prefix(pop command-line-args-left)) (expanded(pop command-line-args-left)) (pathoutput(pop command-line-args-left))(x (catch 22
       (let (reldir (dirs (mapcar (lambda(x)
              (and (string-match "\`!*\(.*\)/tex/latex//+\'" x)
	           (match-string 1 x)))
      (append (split-string pathoutput ";")
             (split-string pathoutput ":")))))
	  (dolist (name (list nil) "NONE")
	    (dolist (dir dirs)
	      (when (and dir
	      	         (setq dir (directory-file-name dir))
                         (file-name-absolute-p dir)
	      	         (file-directory-p dir)
	                 (not (string-match "\`\.\."
                           (setq reldir (file-relative-name dir expanded))))
			 (not (file-name-absolute-p reldir))
                         (let ((name name) (dir dir))
		           (while (and dir name
		                       (string= (file-name-nondirectory dir)
		                                (file-name-nondirectory name))
                              (setq dir (file-name-directory dir)
				   name (file-name-directory name))
			      (if (and dir name)
			         (setq dir (directory-file-name dir)
			              name (directory-file-name name)))))
		            (null name))
		   (throw 22
                      (if (string= reldir ".") (directory-file-name prefix)
                        (concat (file-name-as-directory prefix)
                                reldir))))))))))) (write-region (if (stringp x) x (prin1-to-string x)) nil "./conftest-31541")) /usr/texbin/texmf-local /usr/texbin/texmf-local .:/Users/Ofey/Library/texlive/2012/texmf-config/tex/latex//:/Users/Ofey/Library/texlive/2012/texmf-var/tex/latex//:/Users/Ofey/Library/texmf/tex/latex//:!!/usr/local/texlive/2012/texmf-config/tex/latex//:!!/usr/local/texlive/2012/texmf-var/tex/latex//:!!/usr/local/texlive/2012/texmf/tex/latex//:!!/usr/local/texlive/2012/../texmf-local/tex/latex//:!!/usr/local/texlive/2012/texmf-dist/tex/latex//:/Users/Ofey/Library/texlive/2012/texmf-config/tex/generic//:/Users/Ofey/Library/texlive/2012/texmf-var/tex/generic//:/Users/Ofey/Library/texmf/tex/generic//:!!/usr/local/texlive/2012/texmf-config/tex/generic//:!!/usr/local/texlive/2012/texmf-var/tex/generic//:!!/usr/local/texlive/2012/texmf/tex/generic//:!!/usr/local/texlive/2012/../texmf-local/tex/generic//:!!/usr/local/texlive/2012/texmf-dist/tex/generic//:/Users/Ofey/Library/texlive/2012/texmf-config/tex///:/Users/Ofey/Library/texlive/2012/texmf-var/tex///:/Users/Ofey/Library/texmf/tex///:!!/usr/local/texlive/2012/texmf-config/tex///:!!/usr/local/texlive/2012/texmf-var/tex///:!!/usr/local/texlive/2012/texmf/tex///:!!/usr/local/texlive/2012/../texmf-local/tex///:!!/usr/local/texlive/2012/texmf-dist/tex///
Wrote /Users/Ofey/.emacs.d/elisp/AUCTeX/preview/conftest-31541
=> NONE
/usr/bin/emacs -batch -no-site-file -eval (let* ((prefix(pop command-line-args-left)) (expanded(pop command-line-args-left)) (pathoutput(pop command-line-args-left))(x (catch 22
       (let (reldir (dirs (mapcar (lambda(x)
              (and (string-match "\`!*\(.*\)/tex/latex//+\'" x)
	           (match-string 1 x)))
      (append (split-string pathoutput ";")
             (split-string pathoutput ":")))))
	  (dolist (name (list nil) "NONE")
	    (dolist (dir dirs)
	      (when (and dir
	      	         (setq dir (directory-file-name dir))
                         (file-name-absolute-p dir)
	      	         (file-directory-p dir)
	                 (not (string-match "\`\.\."
                           (setq reldir (file-relative-name dir expanded))))
			 (not (file-name-absolute-p reldir))
                         (let ((name name) (dir dir))
		           (while (and dir name
		                       (string= (file-name-nondirectory dir)
		                                (file-name-nondirectory name))
                              (setq dir (file-name-directory dir)
				   name (file-name-directory name))
			      (if (and dir name)
			         (setq dir (directory-file-name dir)
			              name (directory-file-name name)))))
		            (null name))
		   (throw 22
                      (if (string= reldir ".") (directory-file-name prefix)
                        (concat (file-name-as-directory prefix)
                                reldir))))))))))) (write-region (if (stringp x) x (prin1-to-string x)) nil "./conftest-31541")) /usr/texbin/texmf /usr/texbin/texmf .:/Users/Ofey/Library/texlive/2012/texmf-config/tex/latex//:/Users/Ofey/Library/texlive/2012/texmf-var/tex/latex//:/Users/Ofey/Library/texmf/tex/latex//:!!/usr/local/texlive/2012/texmf-config/tex/latex//:!!/usr/local/texlive/2012/texmf-var/tex/latex//:!!/usr/local/texlive/2012/texmf/tex/latex//:!!/usr/local/texlive/2012/../texmf-local/tex/latex//:!!/usr/local/texlive/2012/texmf-dist/tex/latex//:/Users/Ofey/Library/texlive/2012/texmf-config/tex/generic//:/Users/Ofey/Library/texlive/2012/texmf-var/tex/generic//:/Users/Ofey/Library/texmf/tex/generic//:!!/usr/local/texlive/2012/texmf-config/tex/generic//:!!/usr/local/texlive/2012/texmf-var/tex/generic//:!!/usr/local/texlive/2012/texmf/tex/generic//:!!/usr/local/texlive/2012/../texmf-local/tex/generic//:!!/usr/local/texlive/2012/texmf-dist/tex/generic//:/Users/Ofey/Library/texlive/2012/texmf-config/tex///:/Users/Ofey/Library/texlive/2012/texmf-var/tex///:/Users/Ofey/Library/texmf/tex///:!!/usr/local/texlive/2012/texmf-config/tex///:!!/usr/local/texlive/2012/texmf-var/tex///:!!/usr/local/texlive/2012/texmf/tex///:!!/usr/local/texlive/2012/../texmf-local/tex///:!!/usr/local/texlive/2012/texmf-dist/tex///
Wrote /Users/Ofey/.emacs.d/elisp/AUCTeX/preview/conftest-31541
=> NONE
configure:2953: result: no
configure:2955: checking for TeX directory hierarchy
/usr/bin/emacs -batch -no-site-file -eval (let* ((prefix(pop command-line-args-left)) (expanded(pop command-line-args-left)) (pathoutput(pop command-line-args-left))(x (catch 22
       (let (reldir (dirs (mapcar (lambda(x)
              (and (string-match "\`!*\(.*[^/]\)//+\'" x)
	           (match-string 1 x)))
      (append (split-string pathoutput ";")
             (split-string pathoutput ":")))))
	  (dolist (name (list nil) "NONE")
	    (dolist (dir dirs)
	      (when (and dir
	      	         (setq dir (directory-file-name dir))
                         (file-name-absolute-p dir)
	      	         (file-directory-p dir)
	                 (not (string-match "\`\.\."
                           (setq reldir (file-relative-name dir expanded))))
			 (not (file-name-absolute-p reldir))
                         (let ((name name) (dir dir))
		           (while (and dir name
		                       (string= (file-name-nondirectory dir)
		                                (file-name-nondirectory name))
                              (setq dir (file-name-directory dir)
				   name (file-name-directory name))
			      (if (and dir name)
			         (setq dir (directory-file-name dir)
			              name (directory-file-name name)))))
		            (null name))
		   (throw 22
                      (if (string= reldir ".") (directory-file-name prefix)
                        (concat (file-name-as-directory prefix)
                                reldir))))))))))) (write-region (if (stringp x) x (prin1-to-string x)) nil "./conftest-31541")) ${datadir}/texmf /usr/local/share/texmf .:/Users/Ofey/Library/texlive/2012/texmf-config/tex/latex//:/Users/Ofey/Library/texlive/2012/texmf-var/tex/latex//:/Users/Ofey/Library/texmf/tex/latex//:!!/usr/local/texlive/2012/texmf-config/tex/latex//:!!/usr/local/texlive/2012/texmf-var/tex/latex//:!!/usr/local/texlive/2012/texmf/tex/latex//:!!/usr/local/texlive/2012/../texmf-local/tex/latex//:!!/usr/local/texlive/2012/texmf-dist/tex/latex//:/Users/Ofey/Library/texlive/2012/texmf-config/tex/generic//:/Users/Ofey/Library/texlive/2012/texmf-var/tex/generic//:/Users/Ofey/Library/texmf/tex/generic//:!!/usr/local/texlive/2012/texmf-config/tex/generic//:!!/usr/local/texlive/2012/texmf-var/tex/generic//:!!/usr/local/texlive/2012/texmf/tex/generic//:!!/usr/local/texlive/2012/../texmf-local/tex/generic//:!!/usr/local/texlive/2012/texmf-dist/tex/generic//:/Users/Ofey/Library/texlive/2012/texmf-config/tex///:/Users/Ofey/Library/texlive/2012/texmf-var/tex///:/Users/Ofey/Library/texmf/tex///:!!/usr/local/texlive/2012/texmf-config/tex///:!!/usr/local/texlive/2012/texmf-var/tex///:!!/usr/local/texlive/2012/texmf/tex///:!!/usr/local/texlive/2012/../texmf-local/tex///:!!/usr/local/texlive/2012/texmf-dist/tex///
Wrote /Users/Ofey/.emacs.d/elisp/AUCTeX/preview/conftest-31541
=> NONE
/usr/bin/emacs -batch -no-site-file -eval (let* ((prefix(pop command-line-args-left)) (expanded(pop command-line-args-left)) (pathoutput(pop command-line-args-left))(x (catch 22
       (let (reldir (dirs (mapcar (lambda(x)
              (and (string-match "\`!*\(.*[^/]\)//+\'" x)
	           (match-string 1 x)))
      (append (split-string pathoutput ";")
             (split-string pathoutput ":")))))
	  (dolist (name (list nil) "NONE")
	    (dolist (dir dirs)
	      (when (and dir
	      	         (setq dir (directory-file-name dir))
                         (file-name-absolute-p dir)
	      	         (file-directory-p dir)
	                 (not (string-match "\`\.\."
                           (setq reldir (file-relative-name dir expanded))))
			 (not (file-name-absolute-p reldir))
                         (let ((name name) (dir dir))
		           (while (and dir name
		                       (string= (file-name-nondirectory dir)
		                                (file-name-nondirectory name))
                              (setq dir (file-name-directory dir)
				   name (file-name-directory name))
			      (if (and dir name)
			         (setq dir (directory-file-name dir)
			              name (directory-file-name name)))))
		            (null name))
		   (throw 22
                      (if (string= reldir ".") (directory-file-name prefix)
                        (concat (file-name-as-directory prefix)
                                reldir))))))))))) (write-region (if (stringp x) x (prin1-to-string x)) nil "./conftest-31541")) /usr/texbin/share/texmf-local /usr/texbin/share/texmf-local .:/Users/Ofey/Library/texlive/2012/texmf-config/tex/latex//:/Users/Ofey/Library/texlive/2012/texmf-var/tex/latex//:/Users/Ofey/Library/texmf/tex/latex//:!!/usr/local/texlive/2012/texmf-config/tex/latex//:!!/usr/local/texlive/2012/texmf-var/tex/latex//:!!/usr/local/texlive/2012/texmf/tex/latex//:!!/usr/local/texlive/2012/../texmf-local/tex/latex//:!!/usr/local/texlive/2012/texmf-dist/tex/latex//:/Users/Ofey/Library/texlive/2012/texmf-config/tex/generic//:/Users/Ofey/Library/texlive/2012/texmf-var/tex/generic//:/Users/Ofey/Library/texmf/tex/generic//:!!/usr/local/texlive/2012/texmf-config/tex/generic//:!!/usr/local/texlive/2012/texmf-var/tex/generic//:!!/usr/local/texlive/2012/texmf/tex/generic//:!!/usr/local/texlive/2012/../texmf-local/tex/generic//:!!/usr/local/texlive/2012/texmf-dist/tex/generic//:/Users/Ofey/Library/texlive/2012/texmf-config/tex///:/Users/Ofey/Library/texlive/2012/texmf-var/tex///:/Users/Ofey/Library/texmf/tex///:!!/usr/local/texlive/2012/texmf-config/tex///:!!/usr/local/texlive/2012/texmf-var/tex///:!!/usr/local/texlive/2012/texmf/tex///:!!/usr/local/texlive/2012/../texmf-local/tex///:!!/usr/local/texlive/2012/texmf-dist/tex///
Wrote /Users/Ofey/.emacs.d/elisp/AUCTeX/preview/conftest-31541
=> NONE
/usr/bin/emacs -batch -no-site-file -eval (let* ((prefix(pop command-line-args-left)) (expanded(pop command-line-args-left)) (pathoutput(pop command-line-args-left))(x (catch 22
       (let (reldir (dirs (mapcar (lambda(x)
              (and (string-match "\`!*\(.*[^/]\)//+\'" x)
	           (match-string 1 x)))
      (append (split-string pathoutput ";")
             (split-string pathoutput ":")))))
	  (dolist (name (list nil) "NONE")
	    (dolist (dir dirs)
	      (when (and dir
	      	         (setq dir (directory-file-name dir))
                         (file-name-absolute-p dir)
	      	         (file-directory-p dir)
	                 (not (string-match "\`\.\."
                           (setq reldir (file-relative-name dir expanded))))
			 (not (file-name-absolute-p reldir))
                         (let ((name name) (dir dir))
		           (while (and dir name
		                       (string= (file-name-nondirectory dir)
		                                (file-name-nondirectory name))
                              (setq dir (file-name-directory dir)
				   name (file-name-directory name))
			      (if (and dir name)
			         (setq dir (directory-file-name dir)
			              name (directory-file-name name)))))
		            (null name))
		   (throw 22
                      (if (string= reldir ".") (directory-file-name prefix)
                        (concat (file-name-as-directory prefix)
                                reldir))))))))))) (write-region (if (stringp x) x (prin1-to-string x)) nil "./conftest-31541")) /usr/texbin/share/texmf /usr/texbin/share/texmf .:/Users/Ofey/Library/texlive/2012/texmf-config/tex/latex//:/Users/Ofey/Library/texlive/2012/texmf-var/tex/latex//:/Users/Ofey/Library/texmf/tex/latex//:!!/usr/local/texlive/2012/texmf-config/tex/latex//:!!/usr/local/texlive/2012/texmf-var/tex/latex//:!!/usr/local/texlive/2012/texmf/tex/latex//:!!/usr/local/texlive/2012/../texmf-local/tex/latex//:!!/usr/local/texlive/2012/texmf-dist/tex/latex//:/Users/Ofey/Library/texlive/2012/texmf-config/tex/generic//:/Users/Ofey/Library/texlive/2012/texmf-var/tex/generic//:/Users/Ofey/Library/texmf/tex/generic//:!!/usr/local/texlive/2012/texmf-config/tex/generic//:!!/usr/local/texlive/2012/texmf-var/tex/generic//:!!/usr/local/texlive/2012/texmf/tex/generic//:!!/usr/local/texlive/2012/../texmf-local/tex/generic//:!!/usr/local/texlive/2012/texmf-dist/tex/generic//:/Users/Ofey/Library/texlive/2012/texmf-config/tex///:/Users/Ofey/Library/texlive/2012/texmf-var/tex///:/Users/Ofey/Library/texmf/tex///:!!/usr/local/texlive/2012/texmf-config/tex///:!!/usr/local/texlive/2012/texmf-var/tex///:!!/usr/local/texlive/2012/texmf/tex///:!!/usr/local/texlive/2012/../texmf-local/tex///:!!/usr/local/texlive/2012/texmf-dist/tex///
Wrote /Users/Ofey/.emacs.d/elisp/AUCTeX/preview/conftest-31541
=> NONE
/usr/bin/emacs -batch -no-site-file -eval (let* ((prefix(pop command-line-args-left)) (expanded(pop command-line-args-left)) (pathoutput(pop command-line-args-left))(x (catch 22
       (let (reldir (dirs (mapcar (lambda(x)
              (and (string-match "\`!*\(.*[^/]\)//+\'" x)
	           (match-string 1 x)))
      (append (split-string pathoutput ";")
             (split-string pathoutput ":")))))
	  (dolist (name (list nil) "NONE")
	    (dolist (dir dirs)
	      (when (and dir
	      	         (setq dir (directory-file-name dir))
                         (file-name-absolute-p dir)
	      	         (file-directory-p dir)
	                 (not (string-match "\`\.\."
                           (setq reldir (file-relative-name dir expanded))))
			 (not (file-name-absolute-p reldir))
                         (let ((name name) (dir dir))
		           (while (and dir name
		                       (string= (file-name-nondirectory dir)
		                                (file-name-nondirectory name))
                              (setq dir (file-name-directory dir)
				   name (file-name-directory name))
			      (if (and dir name)
			         (setq dir (directory-file-name dir)
			              name (directory-file-name name)))))
		            (null name))
		   (throw 22
                      (if (string= reldir ".") (directory-file-name prefix)
                        (concat (file-name-as-directory prefix)
                                reldir))))))))))) (write-region (if (stringp x) x (prin1-to-string x)) nil "./conftest-31541")) /usr/texbin/texmf-local /usr/texbin/texmf-local .:/Users/Ofey/Library/texlive/2012/texmf-config/tex/latex//:/Users/Ofey/Library/texlive/2012/texmf-var/tex/latex//:/Users/Ofey/Library/texmf/tex/latex//:!!/usr/local/texlive/2012/texmf-config/tex/latex//:!!/usr/local/texlive/2012/texmf-var/tex/latex//:!!/usr/local/texlive/2012/texmf/tex/latex//:!!/usr/local/texlive/2012/../texmf-local/tex/latex//:!!/usr/local/texlive/2012/texmf-dist/tex/latex//:/Users/Ofey/Library/texlive/2012/texmf-config/tex/generic//:/Users/Ofey/Library/texlive/2012/texmf-var/tex/generic//:/Users/Ofey/Library/texmf/tex/generic//:!!/usr/local/texlive/2012/texmf-config/tex/generic//:!!/usr/local/texlive/2012/texmf-var/tex/generic//:!!/usr/local/texlive/2012/texmf/tex/generic//:!!/usr/local/texlive/2012/../texmf-local/tex/generic//:!!/usr/local/texlive/2012/texmf-dist/tex/generic//:/Users/Ofey/Library/texlive/2012/texmf-config/tex///:/Users/Ofey/Library/texlive/2012/texmf-var/tex///:/Users/Ofey/Library/texmf/tex///:!!/usr/local/texlive/2012/texmf-config/tex///:!!/usr/local/texlive/2012/texmf-var/tex///:!!/usr/local/texlive/2012/texmf/tex///:!!/usr/local/texlive/2012/../texmf-local/tex///:!!/usr/local/texlive/2012/texmf-dist/tex///
Wrote /Users/Ofey/.emacs.d/elisp/AUCTeX/preview/conftest-31541
=> NONE
/usr/bin/emacs -batch -no-site-file -eval (let* ((prefix(pop command-line-args-left)) (expanded(pop command-line-args-left)) (pathoutput(pop command-line-args-left))(x (catch 22
       (let (reldir (dirs (mapcar (lambda(x)
              (and (string-match "\`!*\(.*[^/]\)//+\'" x)
	           (match-string 1 x)))
      (append (split-string pathoutput ";")
             (split-string pathoutput ":")))))
	  (dolist (name (list nil) "NONE")
	    (dolist (dir dirs)
	      (when (and dir
	      	         (setq dir (directory-file-name dir))
                         (file-name-absolute-p dir)
	      	         (file-directory-p dir)
	                 (not (string-match "\`\.\."
                           (setq reldir (file-relative-name dir expanded))))
			 (not (file-name-absolute-p reldir))
                         (let ((name name) (dir dir))
		           (while (and dir name
		                       (string= (file-name-nondirectory dir)
		                                (file-name-nondirectory name))
                              (setq dir (file-name-directory dir)
				   name (file-name-directory name))
			      (if (and dir name)
			         (setq dir (directory-file-name dir)
			              name (directory-file-name name)))))
		            (null name))
		   (throw 22
                      (if (string= reldir ".") (directory-file-name prefix)
                        (concat (file-name-as-directory prefix)
                                reldir))))))))))) (write-region (if (stringp x) x (prin1-to-string x)) nil "./conftest-31541")) /usr/texbin/texmf /usr/texbin/texmf .:/Users/Ofey/Library/texlive/2012/texmf-config/tex/latex//:/Users/Ofey/Library/texlive/2012/texmf-var/tex/latex//:/Users/Ofey/Library/texmf/tex/latex//:!!/usr/local/texlive/2012/texmf-config/tex/latex//:!!/usr/local/texlive/2012/texmf-var/tex/latex//:!!/usr/local/texlive/2012/texmf/tex/latex//:!!/usr/local/texlive/2012/../texmf-local/tex/latex//:!!/usr/local/texlive/2012/texmf-dist/tex/latex//:/Users/Ofey/Library/texlive/2012/texmf-config/tex/generic//:/Users/Ofey/Library/texlive/2012/texmf-var/tex/generic//:/Users/Ofey/Library/texmf/tex/generic//:!!/usr/local/texlive/2012/texmf-config/tex/generic//:!!/usr/local/texlive/2012/texmf-var/tex/generic//:!!/usr/local/texlive/2012/texmf/tex/generic//:!!/usr/local/texlive/2012/../texmf-local/tex/generic//:!!/usr/local/texlive/2012/texmf-dist/tex/generic//:/Users/Ofey/Library/texlive/2012/texmf-config/tex///:/Users/Ofey/Library/texlive/2012/texmf-var/tex///:/Users/Ofey/Library/texmf/tex///:!!/usr/local/texlive/2012/texmf-config/tex///:!!/usr/local/texlive/2012/texmf-var/tex///:!!/usr/local/texlive/2012/texmf/tex///:!!/usr/local/texlive/2012/../texmf-local/tex///:!!/usr/local/texlive/2012/texmf-dist/tex///
Wrote /Users/Ofey/.emacs.d/elisp/AUCTeX/preview/conftest-31541
=> NONE
/usr/bin/emacs -batch -no-site-file -eval (let* ((prefix(pop command-line-args-left)) (expanded(pop command-line-args-left)) (pathoutput(pop command-line-args-left))(x (catch 22
       (let (reldir (dirs (mapcar (lambda(x)
              (and (string-match "\`!*\(.*[^/]\)//+\'" x)
	           (match-string 1 x)))
      (append (split-string pathoutput ";")
             (split-string pathoutput ":")))))
	  (dolist (name (list nil) "NONE")
	    (dolist (dir dirs)
	      (when (and dir
	      	         (setq dir (directory-file-name dir))
                         (file-name-absolute-p dir)
	      	         (file-directory-p dir)
	                 (not (string-match "\`\.\."
                           (setq reldir (file-relative-name dir expanded))))
			 (not (file-name-absolute-p reldir))
                         (let ((name name) (dir dir))
		           (while (and dir name
		                       (string= (file-name-nondirectory dir)
		                                (file-name-nondirectory name))
                              (setq dir (file-name-directory dir)
				   name (file-name-directory name))
			      (if (and dir name)
			         (setq dir (directory-file-name dir)
			              name (directory-file-name name)))))
		            (null name))
		   (throw 22
                      (if (string= reldir ".") (directory-file-name prefix)
                        (concat (file-name-as-directory prefix)
                                reldir))))))))))) (write-region (if (stringp x) x (prin1-to-string x)) nil "./conftest-31541")) ${datadir} /usr/local/share .:/Users/Ofey/Library/texlive/2012/texmf-config/tex/latex//:/Users/Ofey/Library/texlive/2012/texmf-var/tex/latex//:/Users/Ofey/Library/texmf/tex/latex//:!!/usr/local/texlive/2012/texmf-config/tex/latex//:!!/usr/local/texlive/2012/texmf-var/tex/latex//:!!/usr/local/texlive/2012/texmf/tex/latex//:!!/usr/local/texlive/2012/../texmf-local/tex/latex//:!!/usr/local/texlive/2012/texmf-dist/tex/latex//:/Users/Ofey/Library/texlive/2012/texmf-config/tex/generic//:/Users/Ofey/Library/texlive/2012/texmf-var/tex/generic//:/Users/Ofey/Library/texmf/tex/generic//:!!/usr/local/texlive/2012/texmf-config/tex/generic//:!!/usr/local/texlive/2012/texmf-var/tex/generic//:!!/usr/local/texlive/2012/texmf/tex/generic//:!!/usr/local/texlive/2012/../texmf-local/tex/generic//:!!/usr/local/texlive/2012/texmf-dist/tex/generic//:/Users/Ofey/Library/texlive/2012/texmf-config/tex///:/Users/Ofey/Library/texlive/2012/texmf-var/tex///:/Users/Ofey/Library/texmf/tex///:!!/usr/local/texlive/2012/texmf-config/tex///:!!/usr/local/texlive/2012/texmf-var/tex///:!!/usr/local/texlive/2012/texmf/tex///:!!/usr/local/texlive/2012/../texmf-local/tex///:!!/usr/local/texlive/2012/texmf-dist/tex///
Wrote /Users/Ofey/.emacs.d/elisp/AUCTeX/preview/conftest-31541
=> NONE
/usr/bin/emacs -batch -no-site-file -eval (let* ((prefix(pop command-line-args-left)) (expanded(pop command-line-args-left)) (pathoutput(pop command-line-args-left))(x (catch 22
       (let (reldir (dirs (mapcar (lambda(x)
              (and (string-match "\`!*\(.*[^/]\)//+\'" x)
	           (match-string 1 x)))
      (append (split-string pathoutput ";")
             (split-string pathoutput ":")))))
	  (dolist (name (list nil) "NONE")
	    (dolist (dir dirs)
	      (when (and dir
	      	         (setq dir (directory-file-name dir))
                         (file-name-absolute-p dir)
	      	         (file-directory-p dir)
	                 (not (string-match "\`\.\."
                           (setq reldir (file-relative-name dir expanded))))
			 (not (file-name-absolute-p reldir))
                         (let ((name name) (dir dir))
		           (while (and dir name
		                       (string= (file-name-nondirectory dir)
		                                (file-name-nondirectory name))
                              (setq dir (file-name-directory dir)
				   name (file-name-directory name))
			      (if (and dir name)
			         (setq dir (directory-file-name dir)
			              name (directory-file-name name)))))
		            (null name))
		   (throw 22
                      (if (string= reldir ".") (directory-file-name prefix)
                        (concat (file-name-as-directory prefix)
                                reldir))))))))))) (write-region (if (stringp x) x (prin1-to-string x)) nil "./conftest-31541")) /usr/texbin/share /usr/texbin/share .:/Users/Ofey/Library/texlive/2012/texmf-config/tex/latex//:/Users/Ofey/Library/texlive/2012/texmf-var/tex/latex//:/Users/Ofey/Library/texmf/tex/latex//:!!/usr/local/texlive/2012/texmf-config/tex/latex//:!!/usr/local/texlive/2012/texmf-var/tex/latex//:!!/usr/local/texlive/2012/texmf/tex/latex//:!!/usr/local/texlive/2012/../texmf-local/tex/latex//:!!/usr/local/texlive/2012/texmf-dist/tex/latex//:/Users/Ofey/Library/texlive/2012/texmf-config/tex/generic//:/Users/Ofey/Library/texlive/2012/texmf-var/tex/generic//:/Users/Ofey/Library/texmf/tex/generic//:!!/usr/local/texlive/2012/texmf-config/tex/generic//:!!/usr/local/texlive/2012/texmf-var/tex/generic//:!!/usr/local/texlive/2012/texmf/tex/generic//:!!/usr/local/texlive/2012/../texmf-local/tex/generic//:!!/usr/local/texlive/2012/texmf-dist/tex/generic//:/Users/Ofey/Library/texlive/2012/texmf-config/tex///:/Users/Ofey/Library/texlive/2012/texmf-var/tex///:/Users/Ofey/Library/texmf/tex///:!!/usr/local/texlive/2012/texmf-config/tex///:!!/usr/local/texlive/2012/texmf-var/tex///:!!/usr/local/texlive/2012/texmf/tex///:!!/usr/local/texlive/2012/../texmf-local/tex///:!!/usr/local/texlive/2012/texmf-dist/tex///
Wrote /Users/Ofey/.emacs.d/elisp/AUCTeX/preview/conftest-31541
=> NONE
/usr/bin/emacs -batch -no-site-file -eval (let* ((prefix(pop command-line-args-left)) (expanded(pop command-line-args-left)) (pathoutput(pop command-line-args-left))(x (catch 22
       (let (reldir (dirs (mapcar (lambda(x)
              (and (string-match "\`!*\(.*[^/]\)//+\'" x)
	           (match-string 1 x)))
      (append (split-string pathoutput ";")
             (split-string pathoutput ":")))))
	  (dolist (name (list nil) "NONE")
	    (dolist (dir dirs)
	      (when (and dir
	      	         (setq dir (directory-file-name dir))
                         (file-name-absolute-p dir)
	      	         (file-directory-p dir)
	                 (not (string-match "\`\.\."
                           (setq reldir (file-relative-name dir expanded))))
			 (not (file-name-absolute-p reldir))
                         (let ((name name) (dir dir))
		           (while (and dir name
		                       (string= (file-name-nondirectory dir)
		                                (file-name-nondirectory name))
                              (setq dir (file-name-directory dir)
				   name (file-name-directory name))
			      (if (and dir name)
			         (setq dir (directory-file-name dir)
			              name (directory-file-name name)))))
		            (null name))
		   (throw 22
                      (if (string= reldir ".") (directory-file-name prefix)
                        (concat (file-name-as-directory prefix)
                                reldir))))))))))) (write-region (if (stringp x) x (prin1-to-string x)) nil "./conftest-31541")) /usr/texbin /usr/texbin .:/Users/Ofey/Library/texlive/2012/texmf-config/tex/latex//:/Users/Ofey/Library/texlive/2012/texmf-var/tex/latex//:/Users/Ofey/Library/texmf/tex/latex//:!!/usr/local/texlive/2012/texmf-config/tex/latex//:!!/usr/local/texlive/2012/texmf-var/tex/latex//:!!/usr/local/texlive/2012/texmf/tex/latex//:!!/usr/local/texlive/2012/../texmf-local/tex/latex//:!!/usr/local/texlive/2012/texmf-dist/tex/latex//:/Users/Ofey/Library/texlive/2012/texmf-config/tex/generic//:/Users/Ofey/Library/texlive/2012/texmf-var/tex/generic//:/Users/Ofey/Library/texmf/tex/generic//:!!/usr/local/texlive/2012/texmf-config/tex/generic//:!!/usr/local/texlive/2012/texmf-var/tex/generic//:!!/usr/local/texlive/2012/texmf/tex/generic//:!!/usr/local/texlive/2012/../texmf-local/tex/generic//:!!/usr/local/texlive/2012/texmf-dist/tex/generic//:/Users/Ofey/Library/texlive/2012/texmf-config/tex///:/Users/Ofey/Library/texlive/2012/texmf-var/tex///:/Users/Ofey/Library/texmf/tex///:!!/usr/local/texlive/2012/texmf-config/tex///:!!/usr/local/texlive/2012/texmf-var/tex///:!!/usr/local/texlive/2012/texmf/tex///:!!/usr/local/texlive/2012/../texmf-local/tex///:!!/usr/local/texlive/2012/texmf-dist/tex///
Wrote /Users/Ofey/.emacs.d/elisp/AUCTeX/preview/conftest-31541
=> NONE
configure:3019: result: no
configure:3021: checking for TeX input directory
/usr/bin/emacs -batch -no-site-file -eval (let* ((prefix(pop command-line-args-left)) (expanded(pop command-line-args-left)) (pathoutput(pop command-line-args-left))(x (catch 22
       (let (reldir (dirs (mapcar (lambda(x)
              (and (string-match "\`!*\(.*[^/]\)/?\'" x)
	           (match-string 1 x)))
      (append (split-string pathoutput ";")
             (split-string pathoutput ":")))))
	  (dolist (name (list nil) "NONE")
	    (dolist (dir dirs)
	      (when (and dir
	      	         (setq dir (directory-file-name dir))
                         (file-name-absolute-p dir)
	      	         (file-directory-p dir)
	                 (not (string-match "\`\.\."
                           (setq reldir (file-relative-name dir expanded))))
			 (not (file-name-absolute-p reldir))
                         (let ((name name) (dir dir))
		           (while (and dir name
		                       (string= (file-name-nondirectory dir)
		                                (file-name-nondirectory name))
                              (setq dir (file-name-directory dir)
				   name (file-name-directory name))
			      (if (and dir name)
			         (setq dir (directory-file-name dir)
			              name (directory-file-name name)))))
		            (null name))
		   (throw 22
                      (if (string= reldir ".") (directory-file-name prefix)
                        (concat (file-name-as-directory prefix)
                                reldir))))))))))) (write-region (if (stringp x) x (prin1-to-string x)) nil "./conftest-31541")) ${datadir} /usr/local/share .:/Users/Ofey/Library/texlive/2012/texmf-config/tex/latex//:/Users/Ofey/Library/texlive/2012/texmf-var/tex/latex//:/Users/Ofey/Library/texmf/tex/latex//:!!/usr/local/texlive/2012/texmf-config/tex/latex//:!!/usr/local/texlive/2012/texmf-var/tex/latex//:!!/usr/local/texlive/2012/texmf/tex/latex//:!!/usr/local/texlive/2012/../texmf-local/tex/latex//:!!/usr/local/texlive/2012/texmf-dist/tex/latex//:/Users/Ofey/Library/texlive/2012/texmf-config/tex/generic//:/Users/Ofey/Library/texlive/2012/texmf-var/tex/generic//:/Users/Ofey/Library/texmf/tex/generic//:!!/usr/local/texlive/2012/texmf-config/tex/generic//:!!/usr/local/texlive/2012/texmf-var/tex/generic//:!!/usr/local/texlive/2012/texmf/tex/generic//:!!/usr/local/texlive/2012/../texmf-local/tex/generic//:!!/usr/local/texlive/2012/texmf-dist/tex/generic//:/Users/Ofey/Library/texlive/2012/texmf-config/tex///:/Users/Ofey/Library/texlive/2012/texmf-var/tex///:/Users/Ofey/Library/texmf/tex///:!!/usr/local/texlive/2012/texmf-config/tex///:!!/usr/local/texlive/2012/texmf-var/tex///:!!/usr/local/texlive/2012/texmf/tex///:!!/usr/local/texlive/2012/../texmf-local/tex///:!!/usr/local/texlive/2012/texmf-dist/tex///
Wrote /Users/Ofey/.emacs.d/elisp/AUCTeX/preview/conftest-31541
=> NONE
/usr/bin/emacs -batch -no-site-file -eval (let* ((prefix(pop command-line-args-left)) (expanded(pop command-line-args-left)) (pathoutput(pop command-line-args-left))(x (catch 22
       (let (reldir (dirs (mapcar (lambda(x)
              (and (string-match "\`!*\(.*[^/]\)/?\'" x)
	           (match-string 1 x)))
      (append (split-string pathoutput ";")
             (split-string pathoutput ":")))))
	  (dolist (name (list nil) "NONE")
	    (dolist (dir dirs)
	      (when (and dir
	      	         (setq dir (directory-file-name dir))
                         (file-name-absolute-p dir)
	      	         (file-directory-p dir)
	                 (not (string-match "\`\.\."
                           (setq reldir (file-relative-name dir expanded))))
			 (not (file-name-absolute-p reldir))
                         (let ((name name) (dir dir))
		           (while (and dir name
		                       (string= (file-name-nondirectory dir)
		                                (file-name-nondirectory name))
                              (setq dir (file-name-directory dir)
				   name (file-name-directory name))
			      (if (and dir name)
			         (setq dir (directory-file-name dir)
			              name (directory-file-name name)))))
		            (null name))
		   (throw 22
                      (if (string= reldir ".") (directory-file-name prefix)
                        (concat (file-name-as-directory prefix)
                                reldir))))))))))) (write-region (if (stringp x) x (prin1-to-string x)) nil "./conftest-31541")) /usr/texbin/share /usr/texbin/share .:/Users/Ofey/Library/texlive/2012/texmf-config/tex/latex//:/Users/Ofey/Library/texlive/2012/texmf-var/tex/latex//:/Users/Ofey/Library/texmf/tex/latex//:!!/usr/local/texlive/2012/texmf-config/tex/latex//:!!/usr/local/texlive/2012/texmf-var/tex/latex//:!!/usr/local/texlive/2012/texmf/tex/latex//:!!/usr/local/texlive/2012/../texmf-local/tex/latex//:!!/usr/local/texlive/2012/texmf-dist/tex/latex//:/Users/Ofey/Library/texlive/2012/texmf-config/tex/generic//:/Users/Ofey/Library/texlive/2012/texmf-var/tex/generic//:/Users/Ofey/Library/texmf/tex/generic//:!!/usr/local/texlive/2012/texmf-config/tex/generic//:!!/usr/local/texlive/2012/texmf-var/tex/generic//:!!/usr/local/texlive/2012/texmf/tex/generic//:!!/usr/local/texlive/2012/../texmf-local/tex/generic//:!!/usr/local/texlive/2012/texmf-dist/tex/generic//:/Users/Ofey/Library/texlive/2012/texmf-config/tex///:/Users/Ofey/Library/texlive/2012/texmf-var/tex///:/Users/Ofey/Library/texmf/tex///:!!/usr/local/texlive/2012/texmf-config/tex///:!!/usr/local/texlive/2012/texmf-var/tex///:!!/usr/local/texlive/2012/texmf/tex///:!!/usr/local/texlive/2012/../texmf-local/tex///:!!/usr/local/texlive/2012/texmf-dist/tex///
Wrote /Users/Ofey/.emacs.d/elisp/AUCTeX/preview/conftest-31541
=> NONE
/usr/bin/emacs -batch -no-site-file -eval (let* ((prefix(pop command-line-args-left)) (expanded(pop command-line-args-left)) (pathoutput(pop command-line-args-left))(x (catch 22
       (let (reldir (dirs (mapcar (lambda(x)
              (and (string-match "\`!*\(.*[^/]\)/?\'" x)
	           (match-string 1 x)))
      (append (split-string pathoutput ";")
             (split-string pathoutput ":")))))
	  (dolist (name (list nil) "NONE")
	    (dolist (dir dirs)
	      (when (and dir
	      	         (setq dir (directory-file-name dir))
                         (file-name-absolute-p dir)
	      	         (file-directory-p dir)
	                 (not (string-match "\`\.\."
                           (setq reldir (file-relative-name dir expanded))))
			 (not (file-name-absolute-p reldir))
                         (let ((name name) (dir dir))
		           (while (and dir name
		                       (string= (file-name-nondirectory dir)
		                                (file-name-nondirectory name))
                              (setq dir (file-name-directory dir)
				   name (file-name-directory name))
			      (if (and dir name)
			         (setq dir (directory-file-name dir)
			              name (directory-file-name name)))))
		            (null name))
		   (throw 22
                      (if (string= reldir ".") (directory-file-name prefix)
                        (concat (file-name-as-directory prefix)
                                reldir))))))))))) (write-region (if (stringp x) x (prin1-to-string x)) nil "./conftest-31541")) /usr/texbin /usr/texbin .:/Users/Ofey/Library/texlive/2012/texmf-config/tex/latex//:/Users/Ofey/Library/texlive/2012/texmf-var/tex/latex//:/Users/Ofey/Library/texmf/tex/latex//:!!/usr/local/texlive/2012/texmf-config/tex/latex//:!!/usr/local/texlive/2012/texmf-var/tex/latex//:!!/usr/local/texlive/2012/texmf/tex/latex//:!!/usr/local/texlive/2012/../texmf-local/tex/latex//:!!/usr/local/texlive/2012/texmf-dist/tex/latex//:/Users/Ofey/Library/texlive/2012/texmf-config/tex/generic//:/Users/Ofey/Library/texlive/2012/texmf-var/tex/generic//:/Users/Ofey/Library/texmf/tex/generic//:!!/usr/local/texlive/2012/texmf-config/tex/generic//:!!/usr/local/texlive/2012/texmf-var/tex/generic//:!!/usr/local/texlive/2012/texmf/tex/generic//:!!/usr/local/texlive/2012/../texmf-local/tex/generic//:!!/usr/local/texlive/2012/texmf-dist/tex/generic//:/Users/Ofey/Library/texlive/2012/texmf-config/tex///:/Users/Ofey/Library/texlive/2012/texmf-var/tex///:/Users/Ofey/Library/texmf/tex///:!!/usr/local/texlive/2012/texmf-config/tex///:!!/usr/local/texlive/2012/texmf-var/tex///:!!/usr/local/texlive/2012/texmf/tex///:!!/usr/local/texlive/2012/../texmf-local/tex///:!!/usr/local/texlive/2012/texmf-dist/tex///
Wrote /Users/Ofey/.emacs.d/elisp/AUCTeX/preview/conftest-31541
=> NONE
configure:3086: result: no
configure:3088: error: Cannot find the texmf directory!
Please use --with-texmf-dir=dir to specify where the preview tex files go

## ---------------- ##
## Cache variables. ##
## ---------------- ##

ac_cv_env_GS_set=
ac_cv_env_GS_value=
ac_cv_env_TEXHASH_set=
ac_cv_env_TEXHASH_value=
ac_cv_env_build_alias_set=
ac_cv_env_build_alias_value=
ac_cv_env_host_alias_set=
ac_cv_env_host_alias_value=
ac_cv_env_target_alias_set=
ac_cv_env_target_alias_value=
ac_cv_path_EMACS=/usr/bin/emacs
ac_cv_path_LATEX=/usr/texbin/latex
ac_cv_path_PDFLATEX=/usr/texbin/pdflatex
ac_cv_path_TEX=/usr/texbin/tex
ac_cv_path_install='/usr/bin/install -c'
ac_cv_prog_GS=gs
ac_cv_prog_make_make_set=yes

## ----------------- ##
## Output variables. ##
## ----------------- ##

DEFS=''
ECHO_C='\c'
ECHO_N=''
ECHO_T=''
EMACS='/usr/bin/emacs'
EMACS_FLAVOR='emacs'
GS='gs'
INSTALL_DATA='${INSTALL} -m 644'
INSTALL_PROGRAM='${INSTALL}'
INSTALL_SCRIPT='${INSTALL}'
LATEX='/usr/texbin/latex'
LIBOBJS=''
LIBS=''
LTLIBOBJS=''
PACKAGE_BUGREPORT='bug-auctex@gnu.org'
PACKAGE_NAME='preview-latex'
PACKAGE_STRING='preview-latex 11.84'
PACKAGE_TARNAME='preview-latex'
PACKAGE_URL=''
PACKAGE_VERSION='11.84'
PATH_SEPARATOR=':'
PDFLATEX='/usr/texbin/pdflatex'
PLAT_LISP='prv-emacs.el'
SET_MAKE=''
SHELL='/bin/sh'
TEX='/usr/texbin/tex'
TEXHASH=''
TEXMFGEN='preview.sty prauctex.def prauctex.cfg prshowbox.def prshowlabels.def prtracingall.def prtightpage.def prlyx.def prcounters.def prfootnotes.def'
XEMACS='no'
auctexdir='..'
bindir='${exec_prefix}/bin'
build_alias=''
datadir='${datarootdir}'
datarootdir='${prefix}/share'
docdir='${datarootdir}/doc/${PACKAGE_TARNAME}'
dvidir='${docdir}'
exec_prefix='NONE'
host_alias=''
htmldir='${docdir}'
includedir='${prefix}/include'
infodir='${datarootdir}/info'
libdir='${exec_prefix}/lib'
libexecdir='${exec_prefix}/libexec'
lispGS=''
lispdir='/usr/share/emacs/site-lisp'
lisppackagedatadir='(expand-file-name "auctex" (file-name-directory load-file-name))'
lisppackagelispdir='(expand-file-name "auctex" (file-name-directory load-file-name))'
lisppackagetexstyles=''
localedir='${datarootdir}/locale'
localstatedir='${prefix}/var'
mandir='${datarootdir}/man'
oldincludedir='/usr/include'
packagedatadir='/usr/share/emacs/site-lisp/auctex'
packagedir='no'
packagelispdir='/usr/share/emacs/site-lisp/auctex'
packagetexstyles=''
pdfdir='${docdir}'
prefix='/usr/local'
previewdocdir=''
previewstartfile='/usr/share/emacs/site-lisp/preview-latex.el'
previewtexmfdir=''
program_transform_name='s,x,x,'
psdir='${docdir}'
sbindir='${exec_prefix}/sbin'
sharedstatedir='${prefix}/com'
sysconfdir='${prefix}/etc'
target_alias=''
texmfdir='NONE'

## ----------- ##
## confdefs.h. ##
## ----------- ##

/* confdefs.h */
#define PACKAGE_NAME "preview-latex"
#define PACKAGE_TARNAME "preview-latex"
#define PACKAGE_VERSION "11.84"
#define PACKAGE_STRING "preview-latex 11.84"
#define PACKAGE_BUGREPORT "bug-auctex@gnu.org"
#define PACKAGE_URL ""

configure: exit 1
